0 info it worked if it ends with ok
1 verbose cli [ 'C:\\Program Files\\nodejs\\node.exe',
1 verbose cli   'C:\\Users\\andy3\\AppData\\Roaming\\npm\\node_modules\\cnpm\\node_modules\\npm\\bin\\npm-cli.js',
1 verbose cli   '--userconfig=C:\\Users\\andy3\\.cnpmrc',
1 verbose cli   '--disturl=https://npm.taobao.org/mirrors/node',
1 verbose cli   '--registry=https://registry.npm.taobao.org',
1 verbose cli   'start' ]
2 info using npm@3.10.6
3 info using node@v6.2.1
4 verbose run-script [ 'prestart', 'start', 'poststart' ]
5 info lifecycle redux-simple-starter@1.0.0~prestart: redux-simple-starter@1.0.0
6 silly lifecycle redux-simple-starter@1.0.0~prestart: no script for prestart, continuing
7 info lifecycle redux-simple-starter@1.0.0~start: redux-simple-starter@1.0.0
8 verbose lifecycle redux-simple-starter@1.0.0~start: unsafe-perm in lifecycle true
9 verbose lifecycle redux-simple-starter@1.0.0~start: PATH: C:\Users\andy3\AppData\Roaming\npm\node_modules\cnpm\node_modules\npm\bin\node-gyp-bin;F:\201_myGit\reactJs\modern_React_withRedux\ReduxSimpleStarter\node_modules\.bin;D:\program_my\cmder_2016\bin;D:\program_my\cmder_2016\vendor\conemu-maximus5\ConEmu\Scripts;D:\program_my\cmder_2016\vendor\conemu-maximus5;D:\program_my\cmder_2016\vendor\conemu-maximus5\ConEmu;C:\Program Files\Sublime Text 3;F:\201_myGit\cprivate\script;C:\Ruby23-x64\bin;C:\Program Files (x86)\Microsoft VS Code\bin;C:\Program Files\MongoDB\Server\3.2\bin;C:\Program Files\apache-maven-3.3.9\bin;C:\Program Files\Java\jdk1.8.0_65\bin;C:\Python27\;C:\Python27\Scripts;C:\ProgramData\Oracle\Java\javapath;C:\Program Files (x86)\Intel\iCLS Client\;C:\Program Files\Intel\iCLS Client\;C:\windows\system32;C:\windows;C:\windows\System32\Wbem;C:\windows\System32\WindowsPowerShell\v1.0\;C:\Program Files\Intel\Intel(R) Management Engine Components\DAL;C:\Program Files\Intel\Intel(R) Management Engine Components\IPT;C:\Program Files (x86)\Intel\Intel(R) Management Engine Components\DAL;C:\Program Files (x86)\Intel\Intel(R) Management Engine Components\IPT;C:\GoPath\/bin;C:\Go\_liteide\bin;C:\_bats;C:\Program Files\nodejs\;C:\Program Files\Git\cmd;C:\Program Files\Git\mingw64\bin;C:\Program Files\Git\usr\bin;C:\Program Files\Microsoft SQL Server\Client SDK\ODBC\110\Tools\Binn\;C:\Program Files (x86)\Microsoft SQL Server\120\Tools\Binn\;C:\Program Files\Microsoft SQL Server\120\Tools\Binn\;C:\Program Files\Microsoft SQL Server\120\DTS\Binn\;C:\Program Files (x86)\Microsoft SQL Server\120\Tools\Binn\ManagementStudio\;C:\Program Files (x86)\Microsoft SQL Server\120\DTS\Binn\;C:\Go\bin;C:\HashiCorp\Vagrant\bin;C:\Program Files (x86)\Brackets\command;C:\Users\andy3\AppData\Roaming\npm;C:\Users\andy3\AppData\Local\atom\bin;C:\Program Files\Git\usr\bin;C:\Program Files\Git\usr\share\vim\vim74;D:\program_my\cmder_2016\
10 verbose lifecycle redux-simple-starter@1.0.0~start: CWD: F:\201_myGit\reactJs\modern_React_withRedux\ReduxSimpleStarter
11 silly lifecycle redux-simple-starter@1.0.0~start: Args: [ '/d /s /c',
11 silly lifecycle   'node ./node_modules/webpack-dev-server/bin/webpack-dev-server.js' ]
12 silly lifecycle redux-simple-starter@1.0.0~start: Returned: code: 1  signal: null
13 info lifecycle redux-simple-starter@1.0.0~start: Failed to exec start script
14 verbose stack Error: redux-simple-starter@1.0.0 start: `node ./node_modules/webpack-dev-server/bin/webpack-dev-server.js`
14 verbose stack Exit status 1
14 verbose stack     at EventEmitter.<anonymous> (C:\Users\andy3\AppData\Roaming\npm\node_modules\cnpm\node_modules\npm\lib\utils\lifecycle.js:255:16)
14 verbose stack     at emitTwo (events.js:106:13)
14 verbose stack     at EventEmitter.emit (events.js:191:7)
14 verbose stack     at ChildProcess.<anonymous> (C:\Users\andy3\AppData\Roaming\npm\node_modules\cnpm\node_modules\npm\lib\utils\spawn.js:40:14)
14 verbose stack     at emitTwo (events.js:106:13)
14 verbose stack     at ChildProcess.emit (events.js:191:7)
14 verbose stack     at maybeClose (internal/child_process.js:852:16)
14 verbose stack     at Process.ChildProcess._handle.onexit (internal/child_process.js:215:5)
15 verbose pkgid redux-simple-starter@1.0.0
16 verbose cwd F:\201_myGit\reactJs\modern_React_withRedux\ReduxSimpleStarter
17 error Windows_NT 6.3.9600
18 error argv "C:\\Program Files\\nodejs\\node.exe" "C:\\Users\\andy3\\AppData\\Roaming\\npm\\node_modules\\cnpm\\node_modules\\npm\\bin\\npm-cli.js" "--userconfig=C:\\Users\\andy3\\.cnpmrc" "--disturl=https://npm.taobao.org/mirrors/node" "--registry=https://registry.npm.taobao.org" "start"
19 error node v6.2.1
20 error npm  v3.10.6
21 error code ELIFECYCLE
22 error redux-simple-starter@1.0.0 start: `node ./node_modules/webpack-dev-server/bin/webpack-dev-server.js`
22 error Exit status 1
23 error Failed at the redux-simple-starter@1.0.0 start script 'node ./node_modules/webpack-dev-server/bin/webpack-dev-server.js'.
23 error Make sure you have the latest version of node.js and npm installed.
23 error If you do, this is most likely a problem with the redux-simple-starter package,
23 error not with npm itself.
23 error Tell the author that this fails on your system:
23 error     node ./node_modules/webpack-dev-server/bin/webpack-dev-server.js
23 error You can get information on how to open an issue for this project with:
23 error     npm bugs redux-simple-starter
23 error Or if that isn't available, you can get their info via:
23 error     npm owner ls redux-simple-starter
23 error There is likely additional logging output above.
24 verbose exit [ 1, true ]
